<?xml version="1.0" encoding="UTF-8"?>
<testsuite name="TestSuite" time="38.822" tests="4" errors="0" skipped="0" failures="0">
  <properties>
[...]
</properties>
  <testcase name="testHomePage" classname="testcases.VerifyLoginPageWithReports" time="11.621"/>
  <testcase name="testHomePage" classname="testcases.VerifyLoginPageWithReports1" time="13.795"/>
  <testcase name="testHomePage" classname="testcases.VerifyLoginPage" time="13.392"/>
  <testcase name="testHomePage" classname="testcases.VerifyHomePage" time="0.014"/>
</testsuite>