<?xml version="1.0" encoding="UTF-8"?>
<!-- Generated by org.testng.reporters.JUnitXMLReporter -->
<testsuite hostname="bhaskar-PC" name="RegressionTest" tests="4" failures="0" timestamp="19 Oct 2016 12:54:56 GMT" time="84.324" errors="0">
  <testcase name="testHomePage" time="11.618" classname="testcases.VerifyLoginPageWithReports"/>
  <testcase name="testHomePage" time="13.796" classname="testcases.VerifyLoginPageWithReports1"/>
  <testcase name="testHomePage" time="13.391" classname="testcases.VerifyLoginPage"/>
  <testcase name="testHomePage" time="0.015" classname="testcases.VerifyHomePage"/>
</testsuite> <!-- RegressionTest -->
